Removed Pin From Net: NetName=5V Pin=R42-1
Removed Pin From Net: NetName=5V Pin=R42-2
Removed Pin From Net: NetName=5V Pin=R42-3
Removed Pin From Net: NetName=5V Pin=R42-4
Removed Pin From Net: NetName=5V Pin=R60-2
Removed Pin From Net: NetName=5V Pin=R60-3
Removed Pin From Net: NetName=5V Pin=R60-4
Change Component Comment : Designator=R42 Old Comment=CAT10-102J4LF New Comment=1K
Change Component Comment : Designator=R60 Old Comment=CAT10-102J4LF New Comment=1K
Change Component Comment : Designator=R44 Old Comment=CAT10-102J4LF New Comment=10K
Change Component Comment : Designator=R59 Old Comment=CAT10-102J4LF New Comment=10K
Added Component: Designator=R54(6-0805_N)
Add component (AddParameter): Name = "LatestRevisionDate"; Value = "17-Jul-2002"; VariantName = "[No Variations]"
Add component (AddParameter): Name = "LatestRevisionNote"; Value = "Re-released for DXP Platform."; VariantName = "[No Variations]"
Add component (AddParameter): Name = "PackageDescription"; Value = "Axial Device, Thru-Hole; 2 Leads; 0.3 in Pin Spacing"; VariantName = "[No Variations]"
Add component (AddParameter): Name = "PackageReference"; Value = "AXIAL-0.3"; VariantName = "[No Variations]"
Add component (AddParameter): Name = "Published"; Value = "8-Jun-2000"; VariantName = "[No Variations]"
Add component (AddParameter): Name = "Publisher"; Value = "Altium Limited"; VariantName = "[No Variations]"
Add component (AddParameter): Name = "Value"; Value = "10K"; VariantName = "[No Variations]"
Added Pin To Net: NetName=VCC Pin=R42-1
Added Pin To Net: NetName=VCC Pin=R42-2
Added Pin To Net: NetName=VCC Pin=R42-3
Added Pin To Net: NetName=VCC Pin=R42-4
Added Pin To Net: NetName=IO15 Pin=R54-1
Added Pin To Net: NetName=3.3V Pin=R54-2
Added Pin To Net: NetName=VCC Pin=R60-2
Added Pin To Net: NetName=VCC Pin=R60-3
Added Pin To Net: NetName=VCC Pin=R60-4
Added Net: Name=NetD11_1
Added Net: Name=NetD11_2
Added Member To Class: ClassName=ESP_GSM_IOT Member=Component R54 10K
