Removed Pin From Net: NetName=VCC Pin=J6-1
Removed Pin From Net: NetName=VCC Pin=J6-3
Removed Pin From Net: NetName=VCC Pin=P4-2
Removed Pin From Net: NetName=VCC Pin=R42-1
Removed Pin From Net: NetName=VCC Pin=R42-2
Removed Pin From Net: NetName=VCC Pin=R42-3
Removed Pin From Net: NetName=VCC Pin=R42-4
Removed Pin From Net: NetName=VCC Pin=R60-1
Removed Pin From Net: NetName=VCC Pin=R60-2
Removed Pin From Net: NetName=VCC Pin=R60-3
Removed Pin From Net: NetName=VCC Pin=R60-4
Added Pin To Net: NetName=5V Pin=J6-1
Added Pin To Net: NetName=5V Pin=J6-3
Added Pin To Net: NetName=V_Charge Pin=P4-2
Added Pin To Net: NetName=5V Pin=R42-1
Added Pin To Net: NetName=5V Pin=R42-2
Added Pin To Net: NetName=5V Pin=R42-3
Added Pin To Net: NetName=5V Pin=R42-4
Added Pin To Net: NetName=5V Pin=R60-1
Added Pin To Net: NetName=5V Pin=R60-2
Added Pin To Net: NetName=5V Pin=R60-3
Added Pin To Net: NetName=5V Pin=R60-4
